<?xml version="1.0" encoding="UTF-8"?>
<!-- Generated by org.testng.reporters.JUnitReportReporter -->
<testsuite hostname="DESKTOP-V5VVE22" failures="0" tests="3" name="test.Day01" time="0.012" errors="0" timestamp="2024-10-15T03:02:56 IST" skipped="0">
  <testcase classname="test.Day01" name="Demo" time="0.007"/>
  <system-out/>
  <testcase classname="test.Day01" name="mobileLoginHelicopterLoan" time="0.001"/>
  <system-out/>
  <testcase classname="test.Day01" name="urlCheck" time="0.004"/>
  <system-out/>
</testsuite> <!-- test.Day01 -->
