<?xml version="1.0" encoding="UTF-8"?>
<!-- Generated by org.testng.reporters.JUnitReportReporter -->
<testsuite hostname="DESKTOP-V5VVE22" failures="0" tests="2" name="test.dataDriven" time="0.014" errors="0" timestamp="2024-11-05T05:12:39 IST" skipped="0">
  <testcase classname="test.dataDriven" name="test" time="0.013"/>
  <system-out/>
  <testcase classname="test.dataDriven" name="test" time="0.001"/>
  <system-out/>
</testsuite> <!-- test.dataDriven -->
