<?xml version="1.0" encoding="UTF-8"?>
<!-- Generated by org.testng.reporters.JUnitReportReporter -->
<testsuite hostname="DESKTOP-V5VVE22" failures="0" tests="1" name="test.Day04" time="0.002" errors="0" timestamp="2024-10-15T00:13:10 IST" skipped="0">
  <testcase classname="test.Day04" name="mobileLoginBikeLoan" time="0.002"/>
  <system-out/>
</testsuite> <!-- test.Day04 -->
