<?xml version="1.0" encoding="UTF-8"?>
<!-- Generated by org.testng.reporters.JUnitReportReporter -->
<testsuite hostname="DESKTOP-V5VVE22" failures="0" tests="1" name="test.Day02" time="0.005" errors="0" timestamp="2024-10-15T03:02:56 IST" skipped="0">
  <testcase classname="test.Day02" name="first" time="0.005"/>
  <system-out/>
</testsuite> <!-- test.Day02 -->
