<?xml version="1.0" encoding="UTF-8"?>
<!-- Generated by org.testng.reporters.JUnitReportReporter -->
<testsuite hostname="DESKTOP-V5VVE22" failures="0" tests="4" name="testPackage.Day01" time="0.010" errors="0" timestamp="2024-10-14T00:32:15 IST" skipped="1">
  <testcase classname="testPackage.Day01" name="secondTest" time="0.001"/>
  <system-out/>
  <testcase classname="testPackage.Day01" name="mobileLoginHelicopterLoan" time="0.007"/>
  <system-out/>
  <testcase classname="testPackage.Day01" name="urlCheck" time="0.002"/>
  <system-out/>
  <testcase classname="testPackage.Day01" name="Demo">
    <skipped/>
  </testcase> <!-- Demo -->
  <system-out/>
</testsuite> <!-- testPackage.Day01 -->
