<?xml version="1.0" encoding="UTF-8"?>
<!-- Generated by org.testng.reporters.JUnitReportReporter -->
<testsuite hostname="DESKTOP-V5VVE22" failures="0" tests="3" name="testPackage.Day03" time="0.004" errors="0" timestamp="2024-10-14T00:32:15 IST" skipped="0">
  <testcase classname="testPackage.Day03" name="apiLoginCarLoan" time="0.001"/>
  <system-out/>
  <testcase classname="testPackage.Day03" name="webLoginCarLoan" time="0.001"/>
  <system-out/>
  <testcase classname="testPackage.Day03" name="mobileLoginCarLoan" time="0.002"/>
  <system-out/>
</testsuite> <!-- testPackage.Day03 -->
