<?xml version="1.0" encoding="UTF-8"?>
<!-- Generated by org.testng.reporters.JUnitReportReporter -->
<testsuite hostname="DESKTOP-V5VVE22" failures="0" tests="3" name="test.Day05" time="0.014" errors="0" timestamp="2024-10-15T02:47:35 IST" skipped="0">
  <testcase classname="test.Day05" name="dataProvider" time="0.001"/>
  <system-out/>
  <testcase classname="test.Day05" name="dataProvider" time="0.001"/>
  <system-out/>
  <testcase classname="test.Day05" name="dataProvider" time="0.012"/>
  <system-out/>
</testsuite> <!-- test.Day05 -->
