<?xml version="1.0" encoding="UTF-8"?>
<!-- Generated by org.testng.reporters.JUnitReportReporter -->
<testsuite hostname="DESKTOP-V5VVE22" failures="0" tests="2" name="testPackage.Day02" time="0.008" errors="0" timestamp="2024-10-14T00:32:15 IST" skipped="0">
  <testcase classname="testPackage.Day02" name="first" time="0.006"/>
  <system-out/>
  <testcase classname="testPackage.Day02" name="personalLoanTest" time="0.002"/>
  <system-out/>
</testsuite> <!-- testPackage.Day02 -->
