<?xml version="1.0" encoding="UTF-8"?>
<!-- Generated by org.testng.reporters.JUnitReportReporter -->
<testsuite hostname="DESKTOP-V5VVE22" failures="0" tests="2" name="test.Day03" time="0.011" errors="0" timestamp="2024-10-15T03:02:56 IST" skipped="0">
  <testcase classname="test.Day03" name="mobileLoginCarLoan" time="0.008"/>
  <system-out/>
  <testcase classname="test.Day03" name="apiLoginCarLoan" time="0.003"/>
  <system-out/>
</testsuite> <!-- test.Day03 -->
